<?xml version="1.0" encoding="UTF-8"?>
<!-- Generated by org.testng.reporters.JUnitReportReporter -->
<testsuite hostname="Ruthra" name="com.wipro.selenium.Ruthra_Selectable" tests="1" failures="0" timestamp="19 May 2020 11:52:53 GMT" time="9.197" errors="0">
  <testcase name="selectable" time="9.197" classname="com.wipro.selenium.Ruthra_Selectable"/>
</testsuite> <!-- com.wipro.selenium.Ruthra_Selectable -->
