<?xml version="1.0" encoding="UTF-8"?>
<!-- Generated by org.testng.reporters.JUnitReportReporter -->
<testsuite hostname="Ruthra" name="com.wipro.selenium.Ruthra_Selectable" tests="1" failures="0" timestamp="11 May 2020 10:08:06 GMT" time="6.601" errors="0">
  <testcase name="selectable" time="6.601" classname="com.wipro.selenium.Ruthra_Selectable"/>
</testsuite> <!-- com.wipro.selenium.Ruthra_Selectable -->
